<?xml version="1.0" encoding="UTF-8"?>
<!-- Generated by org.testng.reporters.JUnitReportReporter -->
<testsuite skipped="0" hostname="CHE7-L21298" name="com.tAjio.homePage.PDPBasic" tests="7" failures="0" timestamp="2020-09-02T00:22:26 IST" time="62.906" errors="0">
  <testcase name="pdpStaticElements_Closet" time="16.655" classname="com.tAjio.homePage.PDPBasic"/>
  <system-out/>
  <testcase name="pdpSaveToCloset" time="4.531" classname="com.tAjio.homePage.PDPBasic"/>
  <system-out/>
  <testcase name="pdpStaticElements_Cart" time="4.872" classname="com.tAjio.homePage.PDPBasic"/>
  <system-out/>
  <testcase name="pdpProductImageScroll" time="4.861" classname="com.tAjio.homePage.PDPBasic"/>
  <system-out/>
  <testcase name="pdpAddToCart" time="7.234" classname="com.tAjio.homePage.PDPBasic"/>
  <system-out/>
  <testcase name="pdpProductImageZoomView" time="4.676" classname="com.tAjio.homePage.PDPBasic"/>
  <system-out/>
  <testcase name="homePage" time="20.077" classname="com.tAjio.homePage.PDPBasic"/>
  <system-out/>
</testsuite> <!-- com.tAjio.homePage.PDPBasic -->
