<?xml version="1.0" encoding="UTF-8"?>
<!-- Generated by org.testng.reporters.JUnitReportReporter -->
<testsuite skipped="0" hostname="CHE7-L21298" name="com.tAjio.homePage.HamburgerMenu" tests="5" failures="0" timestamp="2020-08-31T23:19:09 IST" time="87.297" errors="0">
  <testcase name="hamburgerMenuTap" time="7.803" classname="com.tAjio.homePage.HamburgerMenu"/>
  <system-out/>
  <testcase name="productDetailsPage" time="29.309" classname="com.tAjio.homePage.HamburgerMenu"/>
  <system-out/>
  <testcase name="secondaryMenuTap" time="11.598" classname="com.tAjio.homePage.HamburgerMenu"/>
  <system-out/>
  <testcase name="productResultsPage" time="35.410" classname="com.tAjio.homePage.HamburgerMenu"/>
  <system-out/>
  <testcase name="homePage" time="3.177" classname="com.tAjio.homePage.HamburgerMenu"/>
  <system-out/>
</testsuite> <!-- com.tAjio.homePage.HamburgerMenu -->
