<?xml version="1.0" encoding="UTF-8"?>
<!-- Generated by org.testng.reporters.JUnitReportReporter -->
<testsuite skipped="0" hostname="CHE7-L21298" name="com.tAjio.homePage.HamburgerMenu" tests="5" failures="0" timestamp="2020-08-08T18:39:23 IST" time="63.446" errors="0">
  <testcase name="productResultsPage" time="37.068" classname="com.tAjio.homePage.HamburgerMenu"/>
  <system-out/>
  <testcase name="hamburgerMenuTap" time="7.682" classname="com.tAjio.homePage.HamburgerMenu"/>
  <system-out/>
  <testcase name="productDetailsPage" time="6.399" classname="com.tAjio.homePage.HamburgerMenu"/>
  <system-out/>
  <testcase name="secondaryMenuTap" time="9.171" classname="com.tAjio.homePage.HamburgerMenu"/>
  <system-out/>
  <testcase name="homePage" time="3.126" classname="com.tAjio.homePage.HamburgerMenu"/>
  <system-out/>
</testsuite> <!-- com.tAjio.homePage.HamburgerMenu -->
