<?xml version="1.0" encoding="UTF-8"?>
<!-- Generated by org.testng.reporters.JUnitReportReporter -->
<testsuite skipped="0" hostname="CHE7-L21298" name="com.tAjio.homePage.HamburgerMenu" tests="5" failures="0" timestamp="2020-08-09T18:40:02 IST" time="70.091" errors="0">
  <testcase name="productResultsPage" time="37.689" classname="com.tAjio.homePage.HamburgerMenu"/>
  <system-out/>
  <testcase name="hamburgerMenuTap" time="6.635" classname="com.tAjio.homePage.HamburgerMenu"/>
  <system-out/>
  <testcase name="productDetailsPage" time="14.843" classname="com.tAjio.homePage.HamburgerMenu"/>
  <system-out/>
  <testcase name="secondaryMenuTap" time="7.783" classname="com.tAjio.homePage.HamburgerMenu"/>
  <system-out/>
  <testcase name="homePage" time="3.141" classname="com.tAjio.homePage.HamburgerMenu"/>
  <system-out/>
</testsuite> <!-- com.tAjio.homePage.HamburgerMenu -->
