<?xml version="1.0" encoding="UTF-8"?>
<!-- Generated by org.testng.reporters.JUnitReportReporter -->
<testsuite skipped="0" hostname="CHE7-L21298" name="com.tAjio.homePage.HamburgerMenu" tests="5" failures="0" timestamp="2020-08-25T12:45:02 IST" time="69.896" errors="0">
  <testcase name="hamburgerMenuTap" time="6.538" classname="com.tAjio.homePage.HamburgerMenu"/>
  <system-out/>
  <testcase name="secondaryMenuTap" time="10.036" classname="com.tAjio.homePage.HamburgerMenu"/>
  <system-out/>
  <testcase name="productResultsPage" time="35.483" classname="com.tAjio.homePage.HamburgerMenu"/>
  <system-out/>
  <testcase name="productDetailsPage" time="14.343" classname="com.tAjio.homePage.HamburgerMenu"/>
  <system-out/>
  <testcase name="homePage" time="3.496" classname="com.tAjio.homePage.HamburgerMenu"/>
  <system-out/>
</testsuite> <!-- com.tAjio.homePage.HamburgerMenu -->
