<?xml version="1.0" encoding="UTF-8"?>
<!-- Generated by org.testng.reporters.JUnitReportReporter -->
<testsuite skipped="0" hostname="CHE7-L21298" name="com.tAjio.homePage.HamburgerMenu" tests="4" failures="0" timestamp="2020-08-01T23:42:25 IST" time="59.037" errors="0">
  <testcase name="hamburgerMenuTap" time="5.158" classname="com.tAjio.homePage.HamburgerMenu"/>
  <system-out/>
  <testcase name="secondaryMenuTap" time="11.816" classname="com.tAjio.homePage.HamburgerMenu"/>
  <system-out/>
  <testcase name="productResultsPage" time="14.476" classname="com.tAjio.homePage.HamburgerMenu"/>
  <system-out/>
  <testcase name="homePage" time="27.587" classname="com.tAjio.homePage.HamburgerMenu"/>
  <system-out/>
</testsuite> <!-- com.tAjio.homePage.HamburgerMenu -->
