<?xml version="1.0" encoding="UTF-8"?>
<!-- Generated by org.testng.reporters.JUnitReportReporter -->
<testsuite skipped="0" hostname="CHE7-L21298" name="com.tAjio.homePage.HamburgerMenu" tests="2" failures="0" timestamp="2020-07-25T17:38:40 IST" time="7.544" errors="0">
  <testcase name="hamburgerMenuTap" time="4.577" classname="com.tAjio.homePage.HamburgerMenu"/>
  <system-out/>
  <testcase name="homePage" time="2.967" classname="com.tAjio.homePage.HamburgerMenu"/>
  <system-out/>
</testsuite> <!-- com.tAjio.homePage.HamburgerMenu -->
