<?xml version="1.0" encoding="UTF-8"?>
<!-- Generated by org.testng.reporters.JUnitReportReporter -->
<testsuite skipped="0" hostname="CHE7-L21298" name="com.tAjio.homePage.PDPBasic" tests="4" failures="0" timestamp="2020-08-27T16:24:01 IST" time="26.458" errors="0">
  <testcase name="pdpStaticElements_Cart" time="0.002" classname="com.tAjio.homePage.PDPBasic"/>
  <system-out/>
  <testcase name="pdpStaticElements_Closet" time="0.003" classname="com.tAjio.homePage.PDPBasic"/>
  <system-out/>
  <testcase name="pdpProductImageScroll" time="9.441" classname="com.tAjio.homePage.PDPBasic"/>
  <system-out/>
  <testcase name="homePage" time="17.012" classname="com.tAjio.homePage.PDPBasic"/>
  <system-out/>
</testsuite> <!-- com.tAjio.homePage.PDPBasic -->
