<?xml version="1.0" encoding="UTF-8"?>
<!-- Generated by org.testng.reporters.JUnitReportReporter -->
<testsuite skipped="0" hostname="CHE7-L21298" name="com.tAjio.homePage.Notifications" tests="2" failures="0" timestamp="2020-08-25T16:58:27 IST" time="4.563" errors="0">
  <testcase name="notificationSection" time="1.758" classname="com.tAjio.homePage.Notifications"/>
  <system-out/>
  <testcase name="homePage" time="2.805" classname="com.tAjio.homePage.Notifications"/>
  <system-out/>
</testsuite> <!-- com.tAjio.homePage.Notifications -->
