<?xml version="1.0" encoding="UTF-8"?>
<!-- Generated by org.testng.reporters.JUnitReportReporter -->
<testsuite skipped="0" hostname="CHE7-L21298" name="com.tAjio.homePage.StaticSections" tests="3" failures="0" timestamp="2020-08-27T00:49:01 IST" time="30.373" errors="0">
  <testcase name="footerSection" time="23.716" classname="com.tAjio.homePage.StaticSections"/>
  <system-out/>
  <testcase name="notificationSection" time="3.484" classname="com.tAjio.homePage.StaticSections"/>
  <system-out/>
  <testcase name="homePage" time="3.173" classname="com.tAjio.homePage.StaticSections"/>
  <system-out/>
</testsuite> <!-- com.tAjio.homePage.StaticSections -->
