<?xml version="1.0" encoding="UTF-8"?>
<!-- Generated by org.testng.reporters.JUnitReportReporter -->
<testsuite skipped="0" hostname="CHE7-L21298" name="com.tAjio.homePage.StaticSections" tests="3" failures="0" timestamp="2020-08-25T23:52:07 IST" time="7.157" errors="0">
  <testcase name="notificationSection" time="2.464" classname="com.tAjio.homePage.StaticSections"/>
  <system-out/>
  <testcase name="footerSection" time="1.534" classname="com.tAjio.homePage.StaticSections"/>
  <system-out/>
  <testcase name="homePage" time="3.159" classname="com.tAjio.homePage.StaticSections"/>
  <system-out/>
</testsuite> <!-- com.tAjio.homePage.StaticSections -->
