<?xml version="1.0" encoding="UTF-8"?>
<!-- Generated by org.testng.reporters.JUnitReportReporter -->
<testsuite skipped="0" hostname="CHE7-L21298" name="com.tAjio.homePage.PDPBasic" tests="8" failures="0" timestamp="2020-09-14T15:14:21 IST" time="148.936" errors="0">
  <testcase name="pdpShareOptions" time="97.715" classname="com.tAjio.homePage.PDPBasic"/>
  <system-out/>
  <testcase name="pdpProductImageZoomView" time="4.471" classname="com.tAjio.homePage.PDPBasic"/>
  <system-out/>
  <testcase name="pdpStaticElements_Closet" time="6.879" classname="com.tAjio.homePage.PDPBasic"/>
  <system-out/>
  <testcase name="pdpAddToCart" time="7.070" classname="com.tAjio.homePage.PDPBasic"/>
  <system-out/>
  <testcase name="pdpProductImageScroll" time="4.514" classname="com.tAjio.homePage.PDPBasic"/>
  <system-out/>
  <testcase name="pdpSaveToCloset" time="4.668" classname="com.tAjio.homePage.PDPBasic"/>
  <system-out/>
  <testcase name="pdpStaticElements_Cart" time="4.471" classname="com.tAjio.homePage.PDPBasic"/>
  <system-out/>
  <testcase name="homePage" time="19.148" classname="com.tAjio.homePage.PDPBasic"/>
  <system-out/>
</testsuite> <!-- com.tAjio.homePage.PDPBasic -->
