<?xml version="1.0" encoding="UTF-8"?>
<!-- Generated by org.testng.reporters.JUnitReportReporter -->
<testsuite skipped="0" hostname="CHE7-L21298" name="com.tAjio.homePage.HamburgerMenu" tests="5" failures="0" timestamp="2020-08-09T16:05:18 IST" time="60.915" errors="0">
  <testcase name="productResultsPage" time="35.916" classname="com.tAjio.homePage.HamburgerMenu"/>
  <system-out/>
  <testcase name="productDetailsPage" time="7.383" classname="com.tAjio.homePage.HamburgerMenu"/>
  <system-out/>
  <testcase name="hamburgerMenuTap" time="6.767" classname="com.tAjio.homePage.HamburgerMenu"/>
  <system-out/>
  <testcase name="secondaryMenuTap" time="7.494" classname="com.tAjio.homePage.HamburgerMenu"/>
  <system-out/>
  <testcase name="homePage" time="3.355" classname="com.tAjio.homePage.HamburgerMenu"/>
  <system-out/>
</testsuite> <!-- com.tAjio.homePage.HamburgerMenu -->
