<?xml version="1.0" encoding="UTF-8"?>
<!-- Generated by org.testng.reporters.JUnitReportReporter -->
<testsuite skipped="0" hostname="CHE7-L21298" name="com.tAjio.homePage.Notifications" tests="2" failures="0" timestamp="2020-08-25T23:32:41 IST" time="5.614" errors="0">
  <testcase name="notificationSection" time="2.664" classname="com.tAjio.homePage.Notifications"/>
  <system-out/>
  <testcase name="homePage" time="2.950" classname="com.tAjio.homePage.Notifications"/>
  <system-out/>
</testsuite> <!-- com.tAjio.homePage.Notifications -->
