<?xml version="1.0" encoding="UTF-8"?>
<!-- Generated by org.testng.reporters.JUnitReportReporter -->
<testsuite skipped="0" hostname="CHE7-L21298" name="com.tAjio.homePage.HamburgerMenu" tests="4" failures="0" timestamp="2020-08-08T16:00:44 IST" time="55.184" errors="0">
  <testcase name="hamburgerMenuTap" time="6.843" classname="com.tAjio.homePage.HamburgerMenu"/>
  <system-out/>
  <testcase name="secondaryMenuTap" time="10.070" classname="com.tAjio.homePage.HamburgerMenu"/>
  <system-out/>
  <testcase name="productResultsPage" time="35.225" classname="com.tAjio.homePage.HamburgerMenu"/>
  <system-out/>
  <testcase name="homePage" time="3.046" classname="com.tAjio.homePage.HamburgerMenu"/>
  <system-out/>
</testsuite> <!-- com.tAjio.homePage.HamburgerMenu -->
