<?xml version="1.0" encoding="UTF-8"?>
<!-- Generated by org.testng.reporters.JUnitReportReporter -->
<testsuite skipped="0" hostname="CHE7-L21298" name="com.tAjio.homePage.PDPBasic" tests="3" failures="0" timestamp="2020-08-27T01:34:23 IST" time="36.643" errors="0">
  <testcase name="pdpStaticElements_Closet" time="12.873" classname="com.tAjio.homePage.PDPBasic"/>
  <system-out/>
  <testcase name="pdpStaticElements_Cart" time="4.703" classname="com.tAjio.homePage.PDPBasic"/>
  <system-out/>
  <testcase name="homePage" time="19.067" classname="com.tAjio.homePage.PDPBasic"/>
  <system-out/>
</testsuite> <!-- com.tAjio.homePage.PDPBasic -->
