<?xml version="1.0" encoding="UTF-8"?>
<!-- Generated by org.testng.reporters.JUnitReportReporter -->
<testsuite skipped="0" hostname="CHE7-L21298" name="com.tAjio.homePage.PDPBasic" tests="7" failures="0" timestamp="2020-09-02T00:05:47 IST" time="44.451" errors="0">
  <testcase name="pdpProductImageScroll" time="8.119" classname="com.tAjio.homePage.PDPBasic"/>
  <system-out/>
  <testcase name="pdpProductImageZoomView" time="5.023" classname="com.tAjio.homePage.PDPBasic"/>
  <system-out/>
  <testcase name="pdpAddToCart" time="7.261" classname="com.tAjio.homePage.PDPBasic"/>
  <system-out/>
  <testcase name="pdpStaticElements_Closet" time="0.002" classname="com.tAjio.homePage.PDPBasic"/>
  <system-out/>
  <testcase name="pdpStaticElements_Cart" time="0.002" classname="com.tAjio.homePage.PDPBasic"/>
  <system-out/>
  <testcase name="pdpSaveToCloset" time="4.922" classname="com.tAjio.homePage.PDPBasic"/>
  <system-out/>
  <testcase name="homePage" time="19.122" classname="com.tAjio.homePage.PDPBasic"/>
  <system-out/>
</testsuite> <!-- com.tAjio.homePage.PDPBasic -->
