<?xml version="1.0" encoding="UTF-8"?>
<!-- Generated by org.testng.reporters.JUnitReportReporter -->
<testsuite skipped="0" hostname="CHE7-L21298" name="com.tAjio.homePage.PDPBasic" tests="6" failures="0" timestamp="2020-09-01T00:16:37 IST" time="38.925" errors="0">
  <testcase name="pdpStaticElements_Closet" time="0.002" classname="com.tAjio.homePage.PDPBasic"/>
  <system-out/>
  <testcase name="pdpProductImageZoomView" time="4.664" classname="com.tAjio.homePage.PDPBasic"/>
  <system-out/>
  <testcase name="pdpStaticElements_Cart" time="0.001" classname="com.tAjio.homePage.PDPBasic"/>
  <system-out/>
  <testcase name="pdpProductImageScroll" time="7.726" classname="com.tAjio.homePage.PDPBasic"/>
  <system-out/>
  <testcase name="pdpAddToCart" time="9.853" classname="com.tAjio.homePage.PDPBasic"/>
  <system-out/>
  <testcase name="homePage" time="16.679" classname="com.tAjio.homePage.PDPBasic"/>
  <system-out/>
</testsuite> <!-- com.tAjio.homePage.PDPBasic -->
